<?xml version="1.0" encoding="UTF-8"?>
<testng-results ignored="0" total="2" passed="2" failed="0" skipped="0">
  <reporter-output>
  </reporter-output>
  <suite started-at="2023-02-07T16:19:29 IST" name="Default suite" finished-at="2023-02-07T16:19:31 IST" duration-ms="2128">
    <groups>
    </groups>
    <test started-at="2023-02-07T16:19:29 IST" name="Default test" finished-at="2023-02-07T16:19:31 IST" duration-ms="2128">
      <class name="test.GetAndPostExample">
        <test-method signature="get_test()[pri:0, instance:test.GetAndPostExample@4386f16]" started-at="2023-02-07T16:19:29 IST" name="get_test" finished-at="2023-02-07T16:19:30 IST" duration-ms="1688" status="PASS">
          <reporter-output>
          </reporter-output>
        </test-method> <!-- get_test -->
        <test-method signature="post_test()[pri:0, instance:test.GetAndPostExample@4386f16]" started-at="2023-02-07T16:19:30 IST" name="post_test" finished-at="2023-02-07T16:19:31 IST" duration-ms="411" status="PASS">
          <reporter-output>
          </reporter-output>
        </test-method> <!-- post_test -->
      </class> <!-- test.GetAndPostExample -->
    </test> <!-- Default test -->
  </suite> <!-- Default suite -->
</testng-results>
